\BOOKMARK [1][-]{section.1}{\376\377\000G\000i\036\333\000i\000\040\000t\000h\000i\036\307\000u}{}% 1
\BOOKMARK [2][-]{subsection.1.1}{\376\377\000B\036\321\000i\000\040\000c\036\243\000n\000h}{section.1}% 2
\BOOKMARK [2][-]{subsection.1.2}{\376\377\000T\036\325\000n\000g\000\040\000q\000u\000a\000n\000\040\000p\000h\001\260\001\241\000n\000g\000\040\000p\000h\000\341\000p}{section.1}% 3
\BOOKMARK [2][-]{subsection.1.3}{\376\377\000X\036\355\000\040\000l\000\375\000\040\000t\000\355\000n\000\040\000h\000i\036\307\000u\000\040\000s\036\321\000\040\000\050\000D\000S\000P\000\051\000\040\000t\000r\000o\000n\000g\000\040\000t\000r\000\355\000c\000h\000\040\000x\000u\036\245\000t\000\040\001\021\036\267\000c\000\040\000t\000r\001\260\000n\000g}{section.1}% 4
\BOOKMARK [3][-]{subsubsection.1.3.1}{\376\377\000S\000a\000m\000p\000l\000e\000\040\000R\000a\000t\000e\000\040\000\050\000T\036\247\000n\000\040\000s\036\321\000\040\000l\036\245\000y\000\040\000m\036\253\000u\000\051}{subsection.1.3}% 5
\BOOKMARK [3][-]{subsubsection.1.3.2}{\376\377\000H\000o\000p\000\040\000L\000e\000n\000g\000t\000h\000\040\000\050\001\020\036\331\000\040\000d\036\313\000c\000h\000\040\000c\000h\000u\000y\036\303\000n\000\040\000c\036\355\000a\000\040\000s\036\325\000\051}{subsection.1.3}% 6
\BOOKMARK [3][-]{subsubsection.1.3.3}{\376\377\000Q\000u\000\341\000\040\000t\000r\000\354\000n\000h\000\040\000t\000r\000\355\000c\000h\000\040\000x\000u\036\245\000t\000\040\000C\000h\000r\000o\000m\000a\000\040\000t\036\353\000\040\000t\000\355\000n\000\040\000h\000i\036\307\000u\000\040\000\342\000m\000\040\000t\000h\000a\000n\000h}{subsection.1.3}% 7
\BOOKMARK [3][-]{subsubsection.1.3.4}{\376\377\000C\001\003\000n\000\040\000c\000h\036\311\000n\000h\000\040\000n\000h\000\343\000n\000\040\000v\036\333\000i\000\040\000f\000r\000a\000m\000e}{subsection.1.3}% 8
\BOOKMARK [2][-]{subsection.1.4}{\376\377\000T\000r\000i\036\303\000n\000\040\000k\000h\000a\000i\000\040\000c\000h\000i\000\040\000t\000i\036\277\000t\000\040\000v\000\340\000\040\000c\000\341\000c\000\040\000l\036\361\000a\000\040\000c\000h\036\315\000n\000\040\000k\036\371\000\040\000t\000h\000u\036\255\000t}{section.1}% 9
\BOOKMARK [3][-]{subsubsection.1.4.1}{\376\377\000K\000i\036\277\000n\000\040\000t\000r\000\372\000c\000\040\000c\000l\000a\000s\000s\000\040\000A\000u\000d\000i\000o\000P\000r\000o\000c\000e\000s\000s\000o\000r}{subsection.1.4}% 10
\BOOKMARK [3][-]{subsubsection.1.4.2}{\376\377\001\020\001\241\000n\000\040\000g\000i\036\243\000n\000\040\000h\000o\000\341\000\040\000k\000h\000\364\000n\000g\000\040\000g\000i\000a\000n\000\040\000t\000r\036\241\000n\000g\000\040\000t\000h\000\341\000i}{subsection.1.4}% 11
\BOOKMARK [3][-]{subsubsection.1.4.3}{\376\377\000T\000\355\000n\000h\000\040\000t\000o\000\341\000n\000\040\000t\000h\000a\000m\000\040\000s\036\321\000\040\000H\000M\000M}{subsection.1.4}% 12
\BOOKMARK [3][-]{subsubsection.1.4.4}{\376\377\000T\000h\000u\036\255\000t\000\040\000t\000o\000\341\000n\000\040\000V\000i\000t\000e\000r\000b\000i\000\040\000t\000r\000o\000n\000g\000\040\000m\000i\036\301\000n\000\040\000l\000o\000g}{subsection.1.4}% 13
\BOOKMARK [3][-]{subsubsection.1.4.5}{\376\377\036\242\000n\000h\000\040\000h\001\260\036\337\000n\000g\000\040\000c\036\347\000a\000\040\000t\000h\000a\000m\000\040\000s\036\321\000\040\000D\000S\000P\000\040\001\021\036\277\000n\000\040\000h\000i\036\307\000u\000\040\000n\001\003\000n\000g}{subsection.1.4}% 14
\BOOKMARK [2][-]{subsection.1.5}{\376\377\000G\000h\000i\000\040\000c\000h\000\372\000\040\000v\000\340\000\040\000h\001\260\036\333\000n\000g\000\040\000d\036\253\000n\000\040\000c\000h\036\241\000y}{section.1}% 15
\BOOKMARK [2][-]{subsection.1.6}{\376\377\000K\036\277\000t\000\040\000l\000u\036\255\000n\000\040\000n\000g\036\257\000n}{section.1}% 16
\BOOKMARK [1][-]{section.2}{\376\377\000C\001\241\000\040\000s\036\337\000\040\000l\000\375\000\040\000t\000h\000u\000y\036\277\000t}{}% 17
\BOOKMARK [2][-]{subsection.2.1}{\376\377\000M\000\364\000\040\000h\000\354\000n\000h\000\040\000M\000a\000r\000k\000o\000v\000\040\036\251\000n\000\040\000\050\000H\000i\000d\000d\000e\000n\000\040\000M\000a\000r\000k\000o\000v\000\040\000M\000o\000d\000e\000l\000\040\000-\000\040\000H\000M\000M\000\051}{section.2}% 18
\BOOKMARK [3][-]{subsubsection.2.1.1}{\376\377\001\020\036\313\000n\000h\000\040\000n\000g\000h\001\051\000a\000\040\000v\000\340\000\040\000t\000h\000\340\000n\000h\000\040\000p\000h\036\247\000n}{subsection.2.1}% 19
\BOOKMARK [3][-]{subsubsection.2.1.2}{\376\377\000G\000i\036\243\000\040\001\021\036\313\000n\000h\000\040\000M\000a\000r\000k\000o\000v}{subsection.2.1}% 20
\BOOKMARK [3][-]{subsubsection.2.1.3}{\376\377\000X\000\341\000c\000\040\000s\000u\036\245\000t\000\040\000k\036\277\000t\000\040\000h\036\343\000p}{subsection.2.1}% 21
\BOOKMARK [2][-]{subsection.2.2}{\376\377\000B\000a\000\040\000b\000\340\000i\000\040\000t\000o\000\341\000n\000\040\000c\001\241\000\040\000b\036\243\000n\000\040\000c\036\347\000a\000\040\000H\000M\000M}{section.2}% 22
\BOOKMARK [3][-]{subsubsection.2.2.1}{\376\377\000B\000\340\000i\000\040\000t\000o\000\341\000n\000\040\0001\000:\000\040\001\020\000\341\000n\000h\000\040\000g\000i\000\341\000\040\000\050\000E\000v\000a\000l\000u\000a\000t\000i\000o\000n\000\051}{subsection.2.2}% 23
\BOOKMARK [3][-]{subsubsection.2.2.2}{\376\377\000B\000\340\000i\000\040\000t\000o\000\341\000n\000\040\0002\000:\000\040\000G\000i\036\243\000i\000\040\000m\000\343\000\040\000\050\000D\000e\000c\000o\000d\000i\000n\000g\000\051}{subsection.2.2}% 24
\BOOKMARK [3][-]{subsubsection.2.2.3}{\376\377\000B\000\340\000i\000\040\000t\000o\000\341\000n\000\040\0003\000:\000\040\000H\036\315\000c\000\040\000\050\000L\000e\000a\000r\000n\000i\000n\000g\000\051}{subsection.2.2}% 25
\BOOKMARK [2][-]{subsection.2.3}{\376\377\000G\000a\000u\000s\000s\000i\000a\000n\000\040\000M\000i\000x\000t\000u\000r\000e\000\040\000M\000o\000d\000e\000l\000\040\000\050\000G\000M\000M\000\051\000\040\000c\000h\000o\000\040\000m\000\364\000\040\000h\000\354\000n\000h\000\040\000p\000h\000\341\000t\000\040\000x\036\241}{section.2}% 26
\BOOKMARK [3][-]{subsubsection.2.3.1}{\376\377\000L\000\375\000\040\000d\000o\000\040\000s\036\355\000\040\000d\036\345\000n\000g\000\040\000G\000M\000M}{subsection.2.3}% 27
\BOOKMARK [3][-]{subsubsection.2.3.2}{\376\377\001\020\036\313\000n\000h\000\040\000n\000g\000h\001\051\000a\000\040\000G\000M\000M}{subsection.2.3}% 28
\BOOKMARK [3][-]{subsubsection.2.3.3}{\376\377\000H\000u\036\245\000n\000\040\000l\000u\000y\036\307\000n\000\040\000G\000M\000M}{subsection.2.3}% 29
\BOOKMARK [2][-]{subsection.2.4}{\376\377\000T\000h\000u\036\255\000t\000\040\000t\000o\000\341\000n\000\040\000V\000i\000t\000e\000r\000b\000i}{section.2}% 30
\BOOKMARK [3][-]{subsubsection.2.4.1}{\376\377\000B\000\340\000i\000\040\000t\000o\000\341\000n}{subsection.2.4}% 31
\BOOKMARK [3][-]{subsubsection.2.4.2}{\376\377\000\335\000\040\000t\001\260\036\337\000n\000g\000\040\000c\000h\000\355\000n\000h}{subsection.2.4}% 32
\BOOKMARK [3][-]{subsubsection.2.4.3}{\376\377\000C\000\364\000n\000g\000\040\000t\000h\036\351\000c\000\040\001\021\036\307\000\040\000q\000u\000y}{subsection.2.4}% 33
\BOOKMARK [3][-]{subsubsection.2.4.4}{\376\377\001\020\036\331\000\040\000p\000h\036\351\000c\000\040\000t\036\241\000p\000\040\000t\000\355\000n\000h\000\040\000t\000o\000\341\000n}{subsection.2.4}% 34
\BOOKMARK [3][-]{subsubsection.2.4.5}{\376\377\000V\000\355\000\040\000d\036\345\000\040\000m\000i\000n\000h\000\040\000h\000o\036\241\000\040\000n\000h\036\317}{subsection.2.4}% 35
\BOOKMARK [1][-]{section.3}{\376\377\000K\036\277\000t\000\040\000q\000u\036\243\000\040\000v\000\340\000\040\001\021\000\341\000n\000h\000\040\000g\000i\000\341}{}% 36
\BOOKMARK [2][-]{subsection.3.1}{\376\377\000C\036\245\000u\000\040\000h\000\354\000n\000h\000\040\000t\000h\036\361\000c\000\040\000n\000g\000h\000i\036\307\000m}{section.3}% 37
\BOOKMARK [3][-]{subsubsection.3.1.1}{\376\377\000D\000a\000t\000a\000s\000e\000t}{subsection.3.1}% 38
\BOOKMARK [3][-]{subsubsection.3.1.2}{\376\377\000T\000h\000a\000m\000\040\000s\036\321\000\040\000m\000\364\000\040\000h\000\354\000n\000h}{subsection.3.1}% 39
\BOOKMARK [2][-]{subsection.3.2}{\376\377\000Q\000u\000y\000\040\000t\000r\000\354\000n\000h\000\040\000h\000u\036\245\000n\000\040\000l\000u\000y\036\307\000n}{section.3}% 40
\BOOKMARK [3][-]{subsubsection.3.2.1}{\376\377\000B\001\260\036\333\000c\000\040\0001\000:\000\040\000T\000r\000\355\000c\000h\000\040\000x\000u\036\245\000t\000\040\000v\000\340\000\040\000c\001\003\000n\000\040\000c\000h\036\311\000n\000h}{subsection.3.2}% 41
\BOOKMARK [3][-]{subsubsection.3.2.2}{\376\377\000B\001\260\036\333\000c\000\040\0002\000:\000\040\000T\000\355\000n\000h\000\040\000t\000o\000\341\000n\000\040\000t\000h\000a\000m\000\040\000s\036\321\000\040\000H\000M\000M}{subsection.3.2}% 42
\BOOKMARK [2][-]{subsection.3.3}{\376\377\000Q\000u\000y\000\040\000t\000r\000\354\000n\000h\000\040\000d\036\361\000\040\001\021\000o\000\341\000n}{section.3}% 43
\BOOKMARK [3][-]{subsubsection.3.3.1}{\376\377\000B\001\260\036\333\000c\000\040\0001\000:\000\040\000T\000r\000\355\000c\000h\000\040\000x\000u\036\245\000t\000\040\000c\000h\000r\000o\000m\000a}{subsection.3.3}% 44
\BOOKMARK [3][-]{subsubsection.3.3.2}{\376\377\000B\001\260\036\333\000c\000\040\0002\000:\000\040\000\301\000p\000\040\000d\036\345\000n\000g\000\040\000V\000i\000t\000e\000r\000b\000i}{subsection.3.3}% 45
\BOOKMARK [3][-]{subsubsection.3.3.3}{\376\377\000B\001\260\036\333\000c\000\040\0003\000:\000\040\000C\000h\000u\000y\036\303\000n\000\040\001\021\036\325\000i\000\040\000v\036\301\000\040\000n\000h\000\343\000n\000\040\000h\036\343\000p\000\040\000\342\000m}{subsection.3.3}% 46
\BOOKMARK [3][-]{subsubsection.3.3.4}{\376\377\000B\001\260\036\333\000c\000\040\0004\000:\000\040\000L\001\260\000u\000\040\000k\036\277\000t\000\040\000q\000u\036\243}{subsection.3.3}% 47
\BOOKMARK [2][-]{subsection.3.4}{\376\377\000P\000h\000\342\000n\000\040\000t\000\355\000c\000h\000\040\000k\036\277\000t\000\040\000q\000u\036\243}{section.3}% 48
\BOOKMARK [3][-]{subsubsection.3.4.1}{\376\377\000T\000h\036\321\000n\000g\000\040\000k\000\352\000\040\000h\036\343\000p\000\040\000\342\000m\000\040\000d\036\361\000\040\001\021\000o\000\341\000n}{subsection.3.4}% 49
\BOOKMARK [3][-]{subsubsection.3.4.2}{\376\377\001\257\000u\000\040\001\021\000i\036\303\000m\000\040\000c\036\347\000a\000\040\000p\000h\001\260\001\241\000n\000g\000\040\000p\000h\000\341\000p}{subsection.3.4}% 50
\BOOKMARK [3][-]{subsubsection.3.4.3}{\376\377\000H\036\241\000n\000\040\000c\000h\036\277\000\040\000v\000\340\000\040\000h\001\260\036\333\000n\000g\000\040\000c\036\243\000i\000\040\000t\000h\000i\036\307\000n}{subsection.3.4}% 51
\BOOKMARK [2][-]{subsection.3.5}{\376\377\001\020\036\301\000\040\000x\000u\036\245\000t\000\040\000c\036\243\000i\000\040\000t\000i\036\277\000n}{section.3}% 52
\BOOKMARK [1][-]{section.4}{\376\377\000K\036\277\000t\000\040\000l\000u\036\255\000n}{}% 53
\BOOKMARK [2][-]{subsection.4.1}{\376\377\000T\000\363\000m\000\040\000t\036\257\000t\000\040\000c\000\364\000n\000g\000\040\000v\000i\036\307\000c}{section.4}% 54
\BOOKMARK [2][-]{subsection.4.2}{\376\377\000\335\000\040\000n\000g\000h\001\051\000a\000\040\000v\000\340\000\040\036\351\000n\000g\000\040\000d\036\345\000n\000g}{section.4}% 55
\BOOKMARK [2][-]{subsection.4.3}{\376\377\000B\000\340\000i\000\040\000h\036\315\000c\000\040\000k\000i\000n\000h\000\040\000n\000g\000h\000i\036\307\000m}{section.4}% 56
\BOOKMARK [2][-]{subsection.4.4}{\376\377\000H\001\260\036\333\000n\000g\000\040\000p\000h\000\341\000t\000\040\000t\000r\000i\036\303\000n\000\040\000t\001\260\001\241\000n\000g\000\040\000l\000a\000i}{section.4}% 57
\BOOKMARK [2][-]{subsection.4.5}{\376\377\000L\036\335\000i\000\040\000k\036\277\000t}{section.4}% 58
